{
  "0 debug pnpm:scope": {
    "selected": 1
  },
  "1 error pnpm": {
    "errno": 255,
    "code": "ELIFECYCLE",
    "pkgid": "moderation-api@",
    "stage": "dev",
    "script": "ts-node . -v | pino-pretty",
    "pkgname": "moderation-api",
    "err": {
      "name": "pnpm",
      "message": "moderation-api@ dev: `ts-node . -v | pino-pretty`\nExit status 255",
      "code": "ELIFECYCLE",
      "stack": "pnpm: moderation-api@ dev: `ts-node . -v | pino-pretty`\nExit status 255\n    at EventEmitter.<anonymous> (C:\\Users\\Reselim\\AppData\\Roaming\\npm\\pnpm-global\\5\\node_modules\\.pnpm\\pnpm@6.17.0\\node_modules\\pnpm\\dist\\pnpm.cjs:105154:20)\n    at EventEmitter.emit (node:events:394:28)\n    at ChildProcess.<anonymous> (C:\\Users\\Reselim\\AppData\\Roaming\\npm\\pnpm-global\\5\\node_modules\\.pnpm\\pnpm@6.17.0\\node_modules\\pnpm\\dist\\pnpm.cjs:93143:18)\n    at ChildProcess.emit (node:events:394:28)\n    at maybeClose (node:internal/child_process:1067:16)\n    at Process.ChildProcess._handle.onexit (node:internal/child_process:301:5)"
    }
  },
  "2 warn pnpm:global": " Local package.json exists, but node_modules missing, did you mean to install?"
}